# JRE version: OpenJDK Runtime Environment (11.0.11+9) (build 11.0.11+9-b60-7590822)
# Java VM: OpenJDK 64-Bit Server VM (11.0.11+9-b60-7590822, mixed mode, tiered, compressed oops, g1 gc, windows-amd64)
Heap:
 garbage-first heap   total 129024K, used 28227K [0x0000000080000000, 0x0000000100000000)
  region size 1024K, 2 young (2048K), 2 survivors (2048K)
 Metaspace       used 40861K, capacity 41794K, committed 41852K, reserved 1093632K
  class space    used 5237K, capacity 5576K, committed 5632K, reserved 1048576K
GC Heap History (20 events):
Event: 1.071 GC heap before
{Heap before GC invocations=0 (full 0):
 garbage-first heap   total 129024K, used 7168K [0x0000000080000000, 0x0000000100000000)
  region size 1024K, 7 young (7168K), 0 survivors (0K)
 Metaspace       used 6133K, capacity 6265K, committed 6528K, reserved 1056768K
  class space    used 536K, capacity 578K, committed 640K, reserved 1048576K
}
Event: 1.079 GC heap after
{Heap after GC invocations=1 (full 0):
 garbage-first heap   total 129024K, used 1385K [0x0000000080000000, 0x0000000100000000)
  region size 1024K, 1 young (1024K), 1 survivors (1024K)
 Metaspace       used 6133K, capacity 6265K, committed 6528K, reserved 1056768K
  class space    used 536K, capacity 578K, committed 640K, reserved 1048576K
}
Event: 4.584 GC heap before
{Heap before GC invocations=1 (full 0):
 garbage-first heap   total 129024K, used 83305K [0x0000000080000000, 0x0000000100000000)
  region size 1024K, 75 young (76800K), 1 survivors (1024K)
 Metaspace       used 14582K, capacity 14905K, committed 15104K, reserved 1062912K
  class space    used 1657K, capacity 1760K, committed 1792K, reserved 1048576K
}
Event: 4.598 GC heap after
{Heap after GC invocations=2 (full 0):
 garbage-first heap   total 129024K, used 15342K [0x0000000080000000, 0x0000000100000000)
  region size 1024K, 10 young (10240K), 10 survivors (10240K)
 Metaspace       used 14582K, capacity 14905K, committed 15104K, reserved 1062912K
  class space    used 1657K, capacity 1760K, committed 1792K, reserved 1048576K
}
Event: 6.710 GC heap before
{Heap before GC invocations=2 (full 0):
 garbage-first heap   total 129024K, used 16366K [0x0000000080000000, 0x0000000100000000)
  region size 1024K, 11 young (11264K), 10 survivors (10240K)
 Metaspace       used 15494K, capacity 15824K, committed 16000K, reserved 1062912K
  class space    used 1766K, capacity 1896K, committed 1920K, reserved 1048576K
}
Event: 6.721 GC heap after
{Heap after GC invocations=3 (full 0):
 garbage-first heap   total 129024K, used 15928K [0x0000000080000000, 0x0000000100000000)
  region size 1024K, 1 young (1024K), 1 survivors (1024K)
 Metaspace       used 15494K, capacity 15824K, committed 16000K, reserved 1062912K
  class space    used 1766K, capacity 1896K, committed 1920K, reserved 1048576K
}
Event: 8.703 GC heap before
{Heap before GC invocations=3 (full 0):
 garbage-first heap   total 129024K, used 31288K [0x0000000080000000, 0x0000000100000000)
  region size 1024K, 16 young (16384K), 1 survivors (1024K)
 Metaspace       used 18096K, capacity 18447K, committed 18688K, reserved 1064960K
  class space    used 2144K, capacity 2283K, committed 2304K, reserved 1048576K
}
Event: 8.707 GC heap after
{Heap after GC invocations=4 (full 0):
 garbage-first heap   total 129024K, used 16621K [0x0000000080000000, 0x0000000100000000)
  region size 1024K, 2 young (2048K), 2 survivors (2048K)
 Metaspace       used 18096K, capacity 18447K, committed 18688K, reserved 1064960K
  class space    used 2144K, capacity 2283K, committed 2304K, reserved 1048576K
}
Event: 10.530 GC heap before
{Heap before GC invocations=4 (full 0):
 garbage-first heap   total 129024K, used 37101K [0x0000000080000000, 0x0000000100000000)
  region size 1024K, 23 young (23552K), 2 survivors (2048K)
 Metaspace       used 20706K, capacity 21106K, committed 21296K, reserved 1069056K
  class space    used 2529K, capacity 2658K, committed 2688K, reserved 1048576K
}
Event: 10.535 GC heap after
{Heap after GC invocations=5 (full 0):
 garbage-first heap   total 129024K, used 17219K [0x0000000080000000, 0x0000000100000000)
  region size 1024K, 2 young (2048K), 2 survivors (2048K)
 Metaspace       used 20706K, capacity 21106K, committed 21296K, reserved 1069056K
  class space    used 2529K, capacity 2658K, committed 2688K, reserved 1048576K
}
Event: 13.061 GC heap before
{Heap before GC invocations=6 (full 0):
 garbage-first heap   total 129024K, used 56131K [0x0000000080000000, 0x0000000100000000)
  region size 1024K, 41 young (41984K), 2 survivors (2048K)
 Metaspace       used 24674K, capacity 25290K, committed 25392K, reserved 1071104K
  class space    used 3172K, capacity 3398K, committed 3456K, reserved 1048576K
}
Event: 13.069 GC heap after
{Heap after GC invocations=7 (full 0):
 garbage-first heap   total 129024K, used 18734K [0x0000000080000000, 0x0000000100000000)
  region size 1024K, 4 young (4096K), 4 survivors (4096K)
 Metaspace       used 24674K, capacity 25290K, committed 25392K, reserved 1071104K
  class space    used 3172K, capacity 3398K, committed 3456K, reserved 1048576K
}
Event: 16.622 GC heap before
{Heap before GC invocations=7 (full 0):
 garbage-first heap   total 129024K, used 71982K [0x0000000080000000, 0x0000000100000000)
  region size 1024K, 56 young (57344K), 4 survivors (4096K)
 Metaspace       used 29796K, capacity 30433K, committed 30512K, reserved 1075200K
  class space    used 3979K, capacity 4203K, committed 4224K, reserved 1048576K
}
Event: 16.633 GC heap after
{Heap after GC invocations=8 (full 0):
 garbage-first heap   total 129024K, used 20469K [0x0000000080000000, 0x0000000100000000)
  region size 1024K, 5 young (5120K), 5 survivors (5120K)
 Metaspace       used 29796K, capacity 30433K, committed 30512K, reserved 1075200K
  class space    used 3979K, capacity 4203K, committed 4224K, reserved 1048576K
}
Event: 18.694 GC heap before
{Heap before GC invocations=8 (full 0):
 garbage-first heap   total 129024K, used 37877K [0x0000000080000000, 0x0000000100000000)
  region size 1024K, 23 young (23552K), 5 survivors (5120K)
 Metaspace       used 34871K, capacity 35647K, committed 35708K, reserved 1081344K
  class space    used 4530K, capacity 4857K, committed 4864K, reserved 1048576K
}
Event: 18.709 GC heap after
{Heap after GC invocations=9 (full 0):
 garbage-first heap   total 129024K, used 22957K [0x0000000080000000, 0x0000000100000000)
  region size 1024K, 7 young (7168K), 7 survivors (7168K)
 Metaspace       used 34871K, capacity 35647K, committed 35708K, reserved 1081344K
  class space    used 4530K, capacity 4857K, committed 4864K, reserved 1048576K
}
Event: 21.060 GC heap before
{Heap before GC invocations=10 (full 0):
 garbage-first heap   total 129024K, used 74157K [0x0000000080000000, 0x0000000100000000)
  region size 1024K, 54 young (55296K), 7 survivors (7168K)
 Metaspace       used 38854K, capacity 39714K, committed 39804K, reserved 1083392K
  class space    used 4950K, capacity 5312K, committed 5376K, reserved 1048576K
}
Event: 21.103 GC heap after
{Heap after GC invocations=11 (full 0):
 garbage-first heap   total 129024K, used 26812K [0x0000000080000000, 0x0000000100000000)
  region size 1024K, 7 young (7168K), 7 survivors (7168K)
 Metaspace       used 38854K, capacity 39714K, committed 39804K, reserved 1083392K
  class space    used 4950K, capacity 5312K, committed 5376K, reserved 1048576K
}
Event: 22.616 GC heap before
{Heap before GC invocations=11 (full 0):
 garbage-first heap   total 129024K, used 53436K [0x0000000080000000, 0x0000000100000000)
  region size 1024K, 34 young (34816K), 7 survivors (7168K)
 Metaspace       used 40861K, capacity 41794K, committed 41852K, reserved 1091584K
  class space    used 5237K, capacity 5576K, committed 5632K, reserved 1048576K
}
Event: 22.634 GC heap after
{Heap after GC invocations=12 (full 0):
 garbage-first heap   total 129024K, used 28227K [0x0000000080000000, 0x0000000100000000)
  region size 1024K, 2 young (2048K), 2 survivors (2048K)
 Metaspace       used 40861K, capacity 41794K, committed 41852K, reserved 1091584K
  class space    used 5237K, capacity 5576K, committed 5632K, reserved 1048576K
}

