# JRE version: OpenJDK Runtime Environment (11.0.11+9) (build 11.0.11+9-b60-7590822)
# Java VM: OpenJDK 64-Bit Server VM (11.0.11+9-b60-7590822, mixed mode, tiered, compressed oops, g1 gc, windows-amd64)
Heap:
 garbage-first heap   total 155648K, used 72192K [0x0000000080000000, 0x0000000100000000)
  region size 1024K, 5 young (5120K), 5 survivors (5120K)
 Metaspace       used 82312K, capacity 84388K, committed 84516K, reserved 1122304K
  class space    used 10709K, capacity 11501K, committed 11520K, reserved 1048576K
GC Heap History (20 events):
Event: 13.343 GC heap before
{Heap before GC invocations=11 (full 0):
 garbage-first heap   total 129024K, used 89030K [0x0000000080000000, 0x0000000100000000)
  region size 1024K, 69 young (70656K), 9 survivors (9216K)
 Metaspace       used 45356K, capacity 46395K, committed 46588K, reserved 1089536K
  class space    used 5811K, capacity 6207K, committed 6272K, reserved 1048576K
}
Event: 13.375 GC heap after
{Heap after GC invocations=12 (full 0):
 garbage-first heap   total 155648K, used 29184K [0x0000000080000000, 0x0000000100000000)
  region size 1024K, 3 young (3072K), 3 survivors (3072K)
 Metaspace       used 45356K, capacity 46395K, committed 46588K, reserved 1089536K
  class space    used 5811K, capacity 6207K, committed 6272K, reserved 1048576K
}
Event: 17.896 GC heap before
{Heap before GC invocations=12 (full 0):
 garbage-first heap   total 155648K, used 107008K [0x0000000080000000, 0x0000000100000000)
  region size 1024K, 75 young (76800K), 3 survivors (3072K)
 Metaspace       used 49735K, capacity 51038K, committed 51324K, reserved 1093632K
  class space    used 6313K, capacity 6799K, committed 6912K, reserved 1048576K
}
Event: 17.913 GC heap after
{Heap after GC invocations=13 (full 0):
 garbage-first heap   total 155648K, used 43008K [0x0000000080000000, 0x0000000100000000)
  region size 1024K, 10 young (10240K), 10 survivors (10240K)
 Metaspace       used 49735K, capacity 51038K, committed 51324K, reserved 1093632K
  class space    used 6313K, capacity 6799K, committed 6912K, reserved 1048576K
}
Event: 20.124 GC heap before
{Heap before GC invocations=13 (full 0):
 garbage-first heap   total 155648K, used 99328K [0x0000000080000000, 0x0000000100000000)
  region size 1024K, 66 young (67584K), 10 survivors (10240K)
 Metaspace       used 58470K, capacity 59861K, committed 59940K, reserved 1101824K
  class space    used 7399K, capacity 7900K, committed 7936K, reserved 1048576K
}
Event: 20.146 GC heap after
{Heap after GC invocations=14 (full 0):
 garbage-first heap   total 155648K, used 45568K [0x0000000080000000, 0x0000000100000000)
  region size 1024K, 3 young (3072K), 3 survivors (3072K)
 Metaspace       used 58470K, capacity 59861K, committed 59940K, reserved 1101824K
  class space    used 7399K, capacity 7900K, committed 7936K, reserved 1048576K
}
Event: 22.289 GC heap before
{Heap before GC invocations=15 (full 0):
 garbage-first heap   total 155648K, used 110080K [0x0000000080000000, 0x0000000100000000)
  region size 1024K, 66 young (67584K), 3 survivors (3072K)
 Metaspace       used 64664K, capacity 66141K, committed 66468K, reserved 1107968K
  class space    used 8175K, capacity 8743K, committed 8832K, reserved 1048576K
}
Event: 22.304 GC heap after
{Heap after GC invocations=16 (full 0):
 garbage-first heap   total 155648K, used 50163K [0x0000000080000000, 0x0000000100000000)
  region size 1024K, 7 young (7168K), 7 survivors (7168K)
 Metaspace       used 64664K, capacity 66141K, committed 66468K, reserved 1107968K
  class space    used 8175K, capacity 8743K, committed 8832K, reserved 1048576K
}
Event: 26.083 GC heap before
{Heap before GC invocations=16 (full 0):
 garbage-first heap   total 155648K, used 114675K [0x0000000080000000, 0x0000000100000000)
  region size 1024K, 70 young (71680K), 7 survivors (7168K)
 Metaspace       used 68857K, capacity 70372K, committed 70436K, reserved 1110016K
  class space    used 8886K, capacity 9470K, committed 9472K, reserved 1048576K
}
Event: 26.105 GC heap after
{Heap after GC invocations=17 (full 0):
 garbage-first heap   total 155648K, used 54946K [0x0000000080000000, 0x0000000100000000)
  region size 1024K, 5 young (5120K), 5 survivors (5120K)
 Metaspace       used 68857K, capacity 70372K, committed 70436K, reserved 1110016K
  class space    used 8886K, capacity 9470K, committed 9472K, reserved 1048576K
}
Event: 29.978 GC heap before
{Heap before GC invocations=17 (full 0):
 garbage-first heap   total 155648K, used 117410K [0x0000000080000000, 0x0000000100000000)
  region size 1024K, 66 young (67584K), 5 survivors (5120K)
 Metaspace       used 74722K, capacity 76395K, committed 76452K, reserved 1116160K
  class space    used 9760K, capacity 10364K, committed 10368K, reserved 1048576K
}
Event: 29.996 GC heap after
{Heap after GC invocations=18 (full 0):
 garbage-first heap   total 155648K, used 58866K [0x0000000080000000, 0x0000000100000000)
  region size 1024K, 4 young (4096K), 4 survivors (4096K)
 Metaspace       used 74722K, capacity 76395K, committed 76452K, reserved 1116160K
  class space    used 9760K, capacity 10364K, committed 10368K, reserved 1048576K
}
Event: 33.373 GC heap before
{Heap before GC invocations=18 (full 0):
 garbage-first heap   total 155648K, used 119282K [0x0000000080000000, 0x0000000100000000)
  region size 1024K, 64 young (65536K), 4 survivors (4096K)
 Metaspace       used 80197K, capacity 82192K, committed 82340K, reserved 1120256K
  class space    used 10515K, capacity 11307K, committed 11392K, reserved 1048576K
}
Event: 33.394 GC heap after
{Heap after GC invocations=19 (full 0):
 garbage-first heap   total 155648K, used 62976K [0x0000000080000000, 0x0000000100000000)
  region size 1024K, 8 young (8192K), 8 survivors (8192K)
 Metaspace       used 80197K, capacity 82192K, committed 82340K, reserved 1120256K
  class space    used 10515K, capacity 11307K, committed 11392K, reserved 1048576K
}
Event: 37.693 GC heap before
{Heap before GC invocations=19 (full 0):
 garbage-first heap   total 155648K, used 122368K [0x0000000080000000, 0x0000000100000000)
  region size 1024K, 67 young (68608K), 8 survivors (8192K)
 Metaspace       used 80924K, capacity 83016K, committed 83108K, reserved 1122304K
  class space    used 10566K, capacity 11343K, committed 11392K, reserved 1048576K
}
Event: 37.727 GC heap after
{Heap after GC invocations=20 (full 0):
 garbage-first heap   total 155648K, used 67564K [0x0000000080000000, 0x0000000100000000)
  region size 1024K, 9 young (9216K), 9 survivors (9216K)
 Metaspace       used 80924K, capacity 83016K, committed 83108K, reserved 1122304K
  class space    used 10566K, capacity 11343K, committed 11392K, reserved 1048576K
}
Event: 41.804 GC heap before
{Heap before GC invocations=20 (full 0):
 garbage-first heap   total 155648K, used 123884K [0x0000000080000000, 0x0000000100000000)
  region size 1024K, 65 young (66560K), 9 survivors (9216K)
 Metaspace       used 81567K, capacity 83604K, committed 83620K, reserved 1122304K
  class space    used 10602K, capacity 11390K, committed 11392K, reserved 1048576K
}
Event: 41.838 GC heap after
{Heap after GC invocations=21 (full 0):
 garbage-first heap   total 155648K, used 71458K [0x0000000080000000, 0x0000000100000000)
  region size 1024K, 9 young (9216K), 9 survivors (9216K)
 Metaspace       used 81567K, capacity 83604K, committed 83620K, reserved 1122304K
  class space    used 10602K, capacity 11390K, committed 11392K, reserved 1048576K
}
Event: 44.246 GC heap before
{Heap before GC invocations=21 (full 0):
 garbage-first heap   total 155648K, used 83746K [0x0000000080000000, 0x0000000100000000)
  region size 1024K, 23 young (23552K), 9 survivors (9216K)
 Metaspace       used 82312K, capacity 84388K, committed 84516K, reserved 1122304K
  class space    used 10709K, capacity 11501K, committed 11520K, reserved 1048576K
}
Event: 44.268 GC heap after
{Heap after GC invocations=22 (full 0):
 garbage-first heap   total 155648K, used 72192K [0x0000000080000000, 0x0000000100000000)
  region size 1024K, 5 young (5120K), 5 survivors (5120K)
 Metaspace       used 82312K, capacity 84388K, committed 84516K, reserved 1122304K
  class space    used 10709K, capacity 11501K, committed 11520K, reserved 1048576K
}

